HELLO
HELLO
HELLO
HELLO
HELLO
HELLO
HELLO
fatal: cannot change to '/home/meow/Notes-app': No such file or directory
fatal: cannot change to '/home/meow/Notes-app': No such file or directory
Your branch is ahead of 'origin/main' by 2 commits.
  (use "git push" to publish your local commits)

Changes not staged for commit:
  (use "git add <file>..." to update what will be committed)
  (use "git restore <file>..." to discard changes in working directory)
	modified:   edit.php
	modified:   index.php
	modified:   new.php
	modified:   styles/style.css

Untracked files:
  (use "git add <file>..." to include in what will be committed)
	config/setenv.php
	log.log

no changes added to commit (use "git add" and/or "git commit -a")
On branch main
Your branch is ahead of 'origin/main' by 2 commits.
  (use "git push" to publish your local commits)

Changes not staged for commit:
  (use "git add <file>..." to update what will be committed)
  (use "git restore <file>..." to discard changes in working directory)
	modified:   edit.php
	modified:   index.php
	modified:   new.php
	modified:   styles/style.css

Untracked files:
  (use "git add <file>..." to include in what will be committed)
	config/setenv.php
	log.log

no changes added to commit (use "git add" and/or "git commit -a")
On branch main
Your branch is ahead of 'origin/main' by 2 commits.
  (use "git push" to publish your local commits)

Changes not staged for commit:
  (use "git add <file>..." to update what will be committed)
  (use "git restore <file>..." to discard changes in working directory)
	modified:   edit.php
	modified:   index.php
	modified:   new.php
	modified:   styles/style.css

Untracked files:
  (use "git add <file>..." to include in what will be committed)
	config/setenv.php
	log.log

no changes added to commit (use "git add" and/or "git commit -a")
